22:00:07: Creating resource group General
22:00:07: Creating resource group OgreInternal
22:00:07: Creating resource group OgreAutodetect
22:00:07: Registering ResourceManager for type Mesh
22:00:07: Registering ResourceManager for type Material
22:00:07: Registering ResourceManager for type Skeleton
22:00:08: XMLMeshSerializer reading mesh data from /home/zied/workspace_2017/realtime-plane/Media/BlenderModels/Earth.mesh.xml...
22:00:08: Reading geometry...
22:00:08: Geometry done...
22:00:08: Reading submeshes...
22:00:08: Submeshes done.
22:00:08: Reading mesh names...
22:00:08: Mesh names done.
22:00:08: XMLMeshSerializer import successful.
22:00:08: Reorganising vertex buffers to automatic layout...
22:00:08: MeshSerializer writing mesh data to stream ...
22:00:08: File header written.
22:00:08: Writing mesh data...
22:00:08: Writing submesh...
22:00:08: Exporting submesh texture aliases...
22:00:08: Submesh texture aliases exported.
22:00:08: Submesh exported.
22:00:08: Writing submesh...
22:00:08: Exporting submesh texture aliases...
22:00:08: Submesh texture aliases exported.
22:00:08: Submesh exported.
22:00:08: Exporting bounds information....
22:00:08: Bounds information exported.
22:00:08: Exporting submesh name table...
22:00:08: Submesh name table exported.
22:00:08: Mesh data exported.
22:00:08: MeshSerializer export successful.
22:00:08: Unregistering ResourceManager for type Skeleton
22:00:08: Unregistering ResourceManager for type Material
22:00:08: Unregistering ResourceManager for type Mesh
